********************************************************************************
DUPLICATOR-LITE PACKAGE-LOG: January 29, 2019 8:04 pm
NOTICE: Do NOT post to public sites or forums 
********************************************************************************
VERSION:	1.3.4
WORDPRESS:	5.0.3
PHP INFO:	7.2.10 | SAPI: apache2handler
SERVER:		Apache/2.2.31 (Win32) DAV/2 mod_ssl/2.2.31 OpenSSL/1.0.2h mod_fcgid/2.3.9 mod_wsgi/3.4 Python/2.7.6 PHP/7.2.10 mod_perl/2.0.8 Perl/v5.16.3 
PHP TIME LIMIT: (0) no time limit imposed 
PHP MAX MEMORY: 2048M (128M default) 
MEMORY STACK: 8MB 

********************************************************************************
DATABASE:
********************************************************************************
BUILD MODE:   MYSQLDUMP
MYSQLTIMEOUT: 5000
MYSQLDUMP:    Is Supported 
SQL CREATED: 20190129_dataconcepts_af6c5d2eda0619e54673_20190129200416_database.sql 
SQL FILE SIZE: 237KB (242686) 
SQL FILE TIME: 2019-01-29 20:04:21 
SQL RUNTIME: 0.31 sec. 

******************************************************************************** 
ARCHIVE (ZIP): 
******************************************************************************** 
ARCHIVE DIR:  C:/Users/max.daniels/GitRepo/dataconcepts-nuxt/admin 
ARCHIVE FILE: 20190129_dataconcepts_af6c5d2eda0619e54673_20190129200416_archive.zip 
FILTERS: *OFF* 
DIRS:
	not set 
FILES:
	not set 
EXTS:  not set 
---------------------------------------- 
COMPRESSING 
SIZE:	50.05MB 
STATS:	Dirs 275 | Files 2,258 
SQL ADDED: 20190129_dataconcepts_af6c5d2eda0619e54673_20190129200416_database.sql 
ZipArchive Object
(
    [status] => 0
    [statusSys] => 0
    [numFiles] => 2533
    [filename] => C:\Users\max.daniels\GitRepo\dataconcepts-nuxt\admin\wp-snapshots\tmp\20190129_dataconcepts_af6c5d2eda0619e54673_20190129200416_archive.zip
    [comment] => 
)
 
COMPRESSION RESULT: '1' 
COMPRESSED SIZE: 16.2MB 
ARCHIVE RUNTIME: 4.23 sec. 
MEMORY STACK: 8MB 
building installer 
add_extra_files1 
add_extra_files2 
add_extra_files3 
add_extra_files4 
Doing archive file check 
add_extra_files5 
add_extra_files6 
add_extra_files8 
Successfully opened zip C:/Users/max.daniels/GitRepo/dataconcepts-nuxt/admin/wp-snapshots/tmp/20190129_dataconcepts_af6c5d2eda0619e54673_20190129200416_archive.zip 
Adding enhanced installer files to archive using ZipArchive 
Installer files added to archive 
Added to archive 
After ziparchive close when adding installer 

******************************************************************************** 
INTEGRITY CHECKS: 
******************************************************************************** 
SQL File: 237KB 
Installer File: 34.62KB 
Archive File: 17.03MB  

********************************************************************************
RECORD ID:[1]
TOTAL PROCESS RUNTIME: 4.80 sec.
PEAK PHP MEMORY USED: 8MB
DONE PROCESSING => 20190129_dataconcepts January 29, 2019 8:04 pm
 
