********************************************************************************
DUPLICATOR-LITE PACKAGE-LOG: January 25, 2019 1:37 pm
NOTICE: Do NOT post to public sites or forums 
********************************************************************************
VERSION:	1.3.4
WORDPRESS:	5.0.3
PHP INFO:	7.1.7 | SAPI: apache2handler
SERVER:		Apache/2.2.31 (Win32) DAV/2 mod_ssl/2.2.31 OpenSSL/1.0.2e mod_fcgid/2.3.9 mod_wsgi/3.4 Python/2.7.6 PHP/7.1.7 mod_perl/2.0.8 Perl/v5.16.3 
PHP TIME LIMIT: (0) no time limit imposed 
PHP MAX MEMORY: 2048M (128M default) 
MEMORY STACK: 2MB 

********************************************************************************
DATABASE:
********************************************************************************
BUILD MODE:   PHP(query limit - 100)
MYSQLTIMEOUT: 5000
MYSQLDUMP:    Not Supported 
TABLES: total:13 | filtered:0 | create:13 
FILTERED: [] 
SQL CREATED: 20190125_dataconcepts_305cde6ef40f2f298601_20190125133656_database.sql 
SQL FILE SIZE: 494.7KB (506569) 
SQL FILE TIME: 2019-01-25 13:37:03 
SQL RUNTIME: 0.27 sec. 

******************************************************************************** 
ARCHIVE (ZIP): 
******************************************************************************** 
ARCHIVE DIR:  C:/Users/Will/GitRepo/dataconcepts-nuxt/admin/wordpress 
ARCHIVE FILE: 20190125_dataconcepts_305cde6ef40f2f298601_20190125133656_archive.zip 
FILTERS: *OFF* 
DIRS:
	not set 
FILES:
	not set 
EXTS:  not set 
---------------------------------------- 
COMPRESSING 
SIZE:	50.05MB 
STATS:	Dirs 275 | Files 2,258 
SQL ADDED: 20190125_dataconcepts_305cde6ef40f2f298601_20190125133656_database.sql 
ZipArchive Object
(
    [status] => 0
    [statusSys] => 0
    [numFiles] => 2533
    [filename] => C:\Users\Will\GitRepo\dataconcepts-nuxt\admin\wordpress\wp-snapshots\tmp\20190125_dataconcepts_305cde6ef40f2f298601_20190125133656_archive.zip
    [comment] => 
)
 
COMPRESSION RESULT: '1' 
COMPRESSED SIZE: 16.26MB 
ARCHIVE RUNTIME: 7.85 sec. 
MEMORY STACK: 2MB 
building installer 
add_extra_files1 
add_extra_files2 
add_extra_files3 
add_extra_files4 
Doing archive file check 
add_extra_files5 
add_extra_files6 
add_extra_files8 
Successfully opened zip C:/Users/Will/GitRepo/dataconcepts-nuxt/admin/wordpress/wp-snapshots/tmp/20190125_dataconcepts_305cde6ef40f2f298601_20190125133656_archive.zip 
Adding enhanced installer files to archive using ZipArchive 
Installer files added to archive 
Added to archive 
After ziparchive close when adding installer 

******************************************************************************** 
INTEGRITY CHECKS: 
******************************************************************************** 
SQL File: 494.7KB 
Installer File: 34.62KB 
Archive File: 17.1MB  

********************************************************************************
RECORD ID:[1]
TOTAL PROCESS RUNTIME: 8.41 sec.
PEAK PHP MEMORY USED: 2MB
DONE PROCESSING => 20190125_dataconcepts January 25, 2019 1:37 pm
 
